app/build/intermediates/manifest_merge_blame_file/prereleaseDebug/processPrereleaseDebugMainManifest/manifest-merger-blame-prerelease-debug-report.txt
1<?xml version="1.0" encoding="utf-8"?>
2<manifest xmlns:android="http://schemas.android.com/apk/res/android"
3    package="com.lagradost.cloudstream3.prerelease.debug"
4    android:versionCode="29502068"
5    android:versionName="4.6.1-PRE" >
6
7    <uses-sdk
8        android:minSdkVersion="21"
9        android:targetSdkVersion="36" />
10
11    <uses-permission android:name="android.permission.ACCESS_NETWORK_STATE" /> <!-- I dont remember, probs has to do with downloads -->
11-->src/main/AndroidManifest.xml:5:5-79
11-->src/main/AndroidManifest.xml:5:22-76
12    <uses-permission android:name="android.permission.INTERNET" /> <!-- unless you only use cs3 as a player for downloaded stuff, you need this -->
12-->src/main/AndroidManifest.xml:6:5-67
12-->src/main/AndroidManifest.xml:6:22-64
13    <uses-permission android:name="android.permission.READ_EXTERNAL_STORAGE" /> <!-- Downloads -->
13-->src/main/AndroidManifest.xml:7:5-80
13-->src/main/AndroidManifest.xml:7:22-77
14    <uses-permission android:name="android.permission.WRITE_EXTERNAL_STORAGE" /> <!-- Downloads on low api devices -->
14-->src/main/AndroidManifest.xml:8:5-81
14-->src/main/AndroidManifest.xml:8:22-78
15    <uses-permission android:name="android.permission.MANAGE_EXTERNAL_STORAGE" /> <!-- Plugin API -->
15-->src/main/AndroidManifest.xml:9:5-111
15-->src/main/AndroidManifest.xml:9:22-79
16    <uses-permission android:name="android.permission.MODIFY_AUDIO_SETTINGS" /> <!-- Used for player vertical slide -->
16-->src/main/AndroidManifest.xml:10:5-80
16-->src/main/AndroidManifest.xml:10:22-77
17    <uses-permission android:name="android.permission.REQUEST_INSTALL_PACKAGES" /> <!-- Used for app update -->
17-->src/main/AndroidManifest.xml:11:5-83
17-->src/main/AndroidManifest.xml:11:22-80
18    <uses-permission android:name="android.permission.POST_NOTIFICATIONS" /> <!-- Used for app notifications on Android 13+ -->
18-->src/main/AndroidManifest.xml:12:5-77
18-->src/main/AndroidManifest.xml:12:22-74
19    <uses-permission android:name="com.android.providers.tv.permission.WRITE_EPG_DATA" /> <!-- Used for Android TV watch next -->
19-->src/main/AndroidManifest.xml:13:5-90
19-->src/main/AndroidManifest.xml:13:22-87
20    <uses-permission android:name="android.permission.UPDATE_PACKAGES_WITHOUT_USER_ACTION" /> <!-- Used for updates without prompt -->
20-->src/main/AndroidManifest.xml:14:5-94
20-->src/main/AndroidManifest.xml:14:22-91
21    <uses-permission android:name="android.permission.FOREGROUND_SERVICE" /> <!-- Used for update service -->
21-->src/main/AndroidManifest.xml:15:5-77
21-->src/main/AndroidManifest.xml:15:22-74
22    <uses-permission android:name="android.permission.FOREGROUND_SERVICE_DATA_SYNC" />
22-->src/main/AndroidManifest.xml:16:5-87
22-->src/main/AndroidManifest.xml:16:22-84
23    <uses-permission android:name="android.permission.USE_BIOMETRIC" />
23-->src/main/AndroidManifest.xml:17:5-72
23-->src/main/AndroidManifest.xml:17:22-69
24    <uses-permission android:name="android.permission.REQUEST_IGNORE_BATTERY_OPTIMIZATIONS" /> <!-- We can use this directly as CS3 is not on Play Store -->
24-->src/main/AndroidManifest.xml:18:5-95
24-->src/main/AndroidManifest.xml:18:22-92
25    <uses-permission android:name="com.android.providers.tv.permission.READ_EPG_DATA" /> <!-- We can use to read the tv channel list -->
25-->src/main/AndroidManifest.xml:19:5-89
25-->src/main/AndroidManifest.xml:19:22-86
26    <!-- Required for OpenInAppAction and getting arbitrary Aniyomi packages -->
27    <uses-permission android:name="android.permission.QUERY_ALL_PACKAGES" />
27-->src/main/AndroidManifest.xml:21:5-23:53
27-->src/main/AndroidManifest.xml:22:9-61
28
29    <!-- Fixes android tv fuckery -->
30    <uses-feature
30-->src/main/AndroidManifest.xml:26:5-28:36
31        android:name="android.hardware.touchscreen"
31-->src/main/AndroidManifest.xml:27:9-52
32        android:required="false" />
32-->src/main/AndroidManifest.xml:28:9-33
33    <uses-feature
33-->src/main/AndroidManifest.xml:29:5-31:36
34        android:name="android.software.leanback"
34-->src/main/AndroidManifest.xml:30:9-49
35        android:required="false" />
35-->src/main/AndroidManifest.xml:31:9-33
36
37    <!-- suppress DeprecatedClassUsageInspection -->
38    <uses-permission android:name="android.permission.USE_FINGERPRINT" />
38-->[androidx.biometric:biometric:1.4.0-alpha04] AndroidManifest.xml:25:5-74
38-->[androidx.biometric:biometric:1.4.0-alpha04] AndroidManifest.xml:25:22-71
39
40    <queries>
40-->[com.google.android.gms:play-services-cast-framework:21.5.0] AndroidManifest.xml:10:5-12:15
41        <package android:name="com.google.android.gms.policy_cast_dynamite" />
41-->[com.google.android.gms:play-services-cast-framework:21.5.0] AndroidManifest.xml:11:9-79
41-->[com.google.android.gms:play-services-cast-framework:21.5.0] AndroidManifest.xml:11:18-76
42    </queries>
43
44    <uses-permission android:name="android.permission.WAKE_LOCK" />
44-->[androidx.work:work-runtime:2.10.5] AndroidManifest.xml:23:5-68
44-->[androidx.work:work-runtime:2.10.5] AndroidManifest.xml:23:22-65
45    <uses-permission android:name="android.permission.RECEIVE_BOOT_COMPLETED" />
45-->[androidx.work:work-runtime:2.10.5] AndroidManifest.xml:25:5-81
45-->[androidx.work:work-runtime:2.10.5] AndroidManifest.xml:25:22-78
46
47    <permission
47-->[androidx.core:core:1.17.0] AndroidManifest.xml:22:5-24:47
48        android:name="com.lagradost.cloudstream3.prerelease.debug.DYNAMIC_RECEIVER_NOT_EXPORTED_PERMISSION"
48-->[androidx.core:core:1.17.0] AndroidManifest.xml:23:9-81
49        android:protectionLevel="signature" />
49-->[androidx.core:core:1.17.0] AndroidManifest.xml:24:9-44
50
51    <uses-permission android:name="com.lagradost.cloudstream3.prerelease.debug.DYNAMIC_RECEIVER_NOT_EXPORTED_PERMISSION" />
51-->[androidx.core:core:1.17.0] AndroidManifest.xml:26:5-97
51-->[androidx.core:core:1.17.0] AndroidManifest.xml:26:22-94
52    <uses-permission android:name="android.permission.REORDER_TASKS" /> <!-- Without the large heap Exoplayer buffering gets reset due to OOM. -->
52-->[androidx.test:core:1.7.0] AndroidManifest.xml:24:5-72
52-->[androidx.test:core:1.7.0] AndroidManifest.xml:24:22-69
53    <!-- TODO https://stackoverflow.com/questions/41799732/chromecast-button-not-visible-in-android -->
54    <application
55        android:name="com.lagradost.cloudstream3.CloudStreamApp"
55-->src/main/AndroidManifest.xml:36:9-39
56        android:allowBackup="true"
56-->src/main/AndroidManifest.xml:37:9-35
57        android:appCategory="video"
57-->src/main/AndroidManifest.xml:38:9-36
58        android:appComponentFactory="androidx.core.app.CoreComponentFactory"
58-->[androidx.core:core:1.17.0] AndroidManifest.xml:28:18-86
59        android:banner="@mipmap/ic_banner"
59-->src/main/AndroidManifest.xml:39:9-43
60        android:dataExtractionRules="@xml/data_extraction_rules"
60-->src/main/AndroidManifest.xml:41:9-65
61        android:debuggable="true"
62        android:extractNativeLibs="true"
63        android:fullBackupContent="@xml/backup_descriptor"
63-->src/main/AndroidManifest.xml:40:9-59
64        android:icon="@mipmap/ic_launcher"
64-->src/main/AndroidManifest.xml:42:9-43
65        android:label="@string/app_name"
65-->src/main/AndroidManifest.xml:43:9-41
66        android:largeHeap="true"
66-->src/main/AndroidManifest.xml:44:9-33
67        android:pageSizeCompat="enabled"
67-->src/main/AndroidManifest.xml:45:9-41
68        android:roundIcon="@mipmap/ic_launcher_round"
68-->src/main/AndroidManifest.xml:46:9-54
69        android:supportsRtl="true"
69-->src/main/AndroidManifest.xml:47:9-35
70        android:testOnly="true"
71        android:theme="@style/AppTheme"
71-->src/main/AndroidManifest.xml:48:9-40
72        android:usesCleartextTraffic="true" >
72-->src/main/AndroidManifest.xml:49:9-44
73        <meta-data
73-->src/main/AndroidManifest.xml:52:9-54:84
74            android:name="com.google.android.gms.cast.framework.OPTIONS_PROVIDER_CLASS_NAME"
74-->src/main/AndroidManifest.xml:53:13-93
75            android:value="com.lagradost.cloudstream3.utils.CastOptionsProvider" />
75-->src/main/AndroidManifest.xml:54:13-81
76
77        <profileable android:shell="true" />
77-->src/main/AndroidManifest.xml:56:9-58:35
77-->src/main/AndroidManifest.xml:57:13-33
78
79        <activity
79-->src/main/AndroidManifest.xml:60:9-106:20
80            android:name="com.lagradost.cloudstream3.ui.player.DownloadedPlayerActivity"
80-->src/main/AndroidManifest.xml:61:13-63
81            android:configChanges="orientation|screenSize|smallestScreenSize|screenLayout|keyboard|keyboardHidden|navigation"
81-->src/main/AndroidManifest.xml:62:13-126
82            android:exported="true"
82-->src/main/AndroidManifest.xml:63:13-36
83            android:launchMode="singleTask"
83-->src/main/AndroidManifest.xml:68:13-44
84            android:resizeableActivity="true"
84-->src/main/AndroidManifest.xml:64:13-46
85            android:screenOrientation="userLandscape"
85-->src/main/AndroidManifest.xml:65:13-54
86            android:supportsPictureInPicture="true"
86-->src/main/AndroidManifest.xml:66:13-52
87            android:taskAffinity="com.lagradost.cloudstream3.downloadedplayer" >
87-->src/main/AndroidManifest.xml:67:13-79
88            <intent-filter>
88-->src/main/AndroidManifest.xml:70:13-77:29
89                <action android:name="android.intent.action.VIEW" />
89-->src/main/AndroidManifest.xml:71:17-69
89-->src/main/AndroidManifest.xml:71:25-66
90
91                <category android:name="android.intent.category.DEFAULT" />
91-->src/main/AndroidManifest.xml:73:17-76
91-->src/main/AndroidManifest.xml:73:27-73
92
93                <data android:scheme="content" />
93-->src/main/AndroidManifest.xml:75:17-50
93-->src/main/AndroidManifest.xml:75:23-47
94                <data android:mimeType="video/*" />
94-->src/main/AndroidManifest.xml:75:17-50
94-->src/main/AndroidManifest.xml:76:23-49
95            </intent-filter>
96
97            <!-- I dont think this label can be translated, but idk -->
98            <intent-filter android:label="@string/play_with_app_name" >
98-->src/main/AndroidManifest.xml:80:13-86:29
98-->src/main/AndroidManifest.xml:80:28-70
99                <action android:name="android.intent.action.SEND" />
99-->src/main/AndroidManifest.xml:81:17-69
99-->src/main/AndroidManifest.xml:81:25-66
100
101                <category android:name="android.intent.category.DEFAULT" />
101-->src/main/AndroidManifest.xml:73:17-76
101-->src/main/AndroidManifest.xml:73:27-73
102
103                <data android:mimeType="*/*" />
103-->src/main/AndroidManifest.xml:75:17-50
103-->src/main/AndroidManifest.xml:76:23-49
104            </intent-filter>
105            <intent-filter>
105-->src/main/AndroidManifest.xml:87:13-96:29
106                <action android:name="android.intent.action.VIEW" />
106-->src/main/AndroidManifest.xml:71:17-69
106-->src/main/AndroidManifest.xml:71:25-66
107                <action android:name="android.intent.action.SEND" />
107-->src/main/AndroidManifest.xml:81:17-69
107-->src/main/AndroidManifest.xml:81:25-66
108                <action android:name="android.intent.action.OPEN_DOCUMENT" />
108-->src/main/AndroidManifest.xml:90:17-78
108-->src/main/AndroidManifest.xml:90:25-75
109
110                <category android:name="android.intent.category.DEFAULT" />
110-->src/main/AndroidManifest.xml:73:17-76
110-->src/main/AndroidManifest.xml:73:27-73
111                <category android:name="android.intent.category.BROWSABLE" />
111-->src/main/AndroidManifest.xml:93:17-78
111-->src/main/AndroidManifest.xml:93:27-75
112
113                <data android:scheme="magnet" />
113-->src/main/AndroidManifest.xml:75:17-50
113-->src/main/AndroidManifest.xml:75:23-47
114            </intent-filter>
115            <!--
116            <intent-filter tools:ignore="AppLinkUrlError">
117                <action android:name="android.intent.action.VIEW" />
118                <action android:name="android.intent.action.SEND" />
119                <action android:name="android.intent.action.OPEN_DOCUMENT" />
120
121                <category android:name="android.intent.category.DEFAULT" />
122
123                <data android:mimeType="application/x-bittorrent" />
124            </intent-filter>
125            -->
126        </activity>
127        <!--
128        android:launchMode="singleTask"
129        is a bit experimental, it makes loading repositories from browser still stay on the same page
130        no idea about side effects
131        -->
132        <activity
132-->src/main/AndroidManifest.xml:112:9-187:20
133            android:name="com.lagradost.cloudstream3.MainActivity"
133-->src/main/AndroidManifest.xml:113:13-41
134            android:configChanges="orientation|screenSize|smallestScreenSize|screenLayout|keyboard|keyboardHidden|navigation|uiMode"
134-->src/main/AndroidManifest.xml:114:13-133
135            android:exported="true"
135-->src/main/AndroidManifest.xml:115:13-36
136            android:launchMode="singleTask"
136-->src/main/AndroidManifest.xml:116:13-44
137            android:resizeableActivity="true"
137-->src/main/AndroidManifest.xml:117:13-46
138            android:supportsPictureInPicture="true" >
138-->src/main/AndroidManifest.xml:118:13-52
139
140            <!-- cloudstreamplayer://encodedUrl?name=Dune -->
141            <intent-filter>
141-->src/main/AndroidManifest.xml:121:13-128:29
142                <action android:name="android.intent.action.VIEW" />
142-->src/main/AndroidManifest.xml:71:17-69
142-->src/main/AndroidManifest.xml:71:25-66
143
144                <category android:name="android.intent.category.DEFAULT" />
144-->src/main/AndroidManifest.xml:73:17-76
144-->src/main/AndroidManifest.xml:73:27-73
145                <category android:name="android.intent.category.BROWSABLE" />
145-->src/main/AndroidManifest.xml:93:17-78
145-->src/main/AndroidManifest.xml:93:27-75
146
147                <data android:scheme="cloudstreamplayer" />
147-->src/main/AndroidManifest.xml:75:17-50
147-->src/main/AndroidManifest.xml:75:23-47
148            </intent-filter>
149            <intent-filter>
149-->src/main/AndroidManifest.xml:129:13-136:29
150                <action android:name="android.intent.action.VIEW" />
150-->src/main/AndroidManifest.xml:71:17-69
150-->src/main/AndroidManifest.xml:71:25-66
151
152                <category android:name="android.intent.category.DEFAULT" />
152-->src/main/AndroidManifest.xml:73:17-76
152-->src/main/AndroidManifest.xml:73:27-73
153                <category android:name="android.intent.category.BROWSABLE" />
153-->src/main/AndroidManifest.xml:93:17-78
153-->src/main/AndroidManifest.xml:93:27-75
154
155                <data android:scheme="cloudstreamapp" />
155-->src/main/AndroidManifest.xml:75:17-50
155-->src/main/AndroidManifest.xml:75:23-47
156            </intent-filter>
157            <intent-filter>
157-->src/main/AndroidManifest.xml:137:13-144:29
158                <action android:name="android.intent.action.VIEW" />
158-->src/main/AndroidManifest.xml:71:17-69
158-->src/main/AndroidManifest.xml:71:25-66
159
160                <category android:name="android.intent.category.DEFAULT" />
160-->src/main/AndroidManifest.xml:73:17-76
160-->src/main/AndroidManifest.xml:73:27-73
161                <category android:name="android.intent.category.BROWSABLE" />
161-->src/main/AndroidManifest.xml:93:17-78
161-->src/main/AndroidManifest.xml:93:27-75
162
163                <data android:scheme="cloudstreamrepo" />
163-->src/main/AndroidManifest.xml:75:17-50
163-->src/main/AndroidManifest.xml:75:23-47
164            </intent-filter>
165            <intent-filter>
165-->src/main/AndroidManifest.xml:145:13-152:29
166                <action android:name="android.intent.action.VIEW" />
166-->src/main/AndroidManifest.xml:71:17-69
166-->src/main/AndroidManifest.xml:71:25-66
167
168                <category android:name="android.intent.category.DEFAULT" />
168-->src/main/AndroidManifest.xml:73:17-76
168-->src/main/AndroidManifest.xml:73:27-73
169                <category android:name="android.intent.category.BROWSABLE" />
169-->src/main/AndroidManifest.xml:93:17-78
169-->src/main/AndroidManifest.xml:93:27-75
170
171                <data android:scheme="csshare" />
171-->src/main/AndroidManifest.xml:75:17-50
171-->src/main/AndroidManifest.xml:75:23-47
172            </intent-filter>
173            <!-- Allow searching with intents: cloudstreamsearch://Your%20Name -->
174            <intent-filter>
174-->src/main/AndroidManifest.xml:154:13-161:29
175                <action android:name="android.intent.action.VIEW" />
175-->src/main/AndroidManifest.xml:71:17-69
175-->src/main/AndroidManifest.xml:71:25-66
176
177                <category android:name="android.intent.category.DEFAULT" />
177-->src/main/AndroidManifest.xml:73:17-76
177-->src/main/AndroidManifest.xml:73:27-73
178                <category android:name="android.intent.category.BROWSABLE" />
178-->src/main/AndroidManifest.xml:93:17-78
178-->src/main/AndroidManifest.xml:93:27-75
179
180                <data android:scheme="cloudstreamsearch" />
180-->src/main/AndroidManifest.xml:75:17-50
180-->src/main/AndroidManifest.xml:75:23-47
181            </intent-filter>
182
183            <!--
184            Allow opening from continue watching with intents: cloudstreamsearch://1234
185            Used on Android TV Watch Next
186            -->
187            <intent-filter>
187-->src/main/AndroidManifest.xml:167:13-174:29
188                <action android:name="android.intent.action.VIEW" />
188-->src/main/AndroidManifest.xml:71:17-69
188-->src/main/AndroidManifest.xml:71:25-66
189
190                <category android:name="android.intent.category.DEFAULT" />
190-->src/main/AndroidManifest.xml:73:17-76
190-->src/main/AndroidManifest.xml:73:27-73
191                <category android:name="android.intent.category.BROWSABLE" />
191-->src/main/AndroidManifest.xml:93:17-78
191-->src/main/AndroidManifest.xml:93:27-75
192
193                <data android:scheme="cloudstreamcontinuewatching" />
193-->src/main/AndroidManifest.xml:75:17-50
193-->src/main/AndroidManifest.xml:75:23-47
194            </intent-filter>
195            <intent-filter>
195-->src/main/AndroidManifest.xml:176:13-186:29
196                <action android:name="android.intent.action.VIEW" />
196-->src/main/AndroidManifest.xml:71:17-69
196-->src/main/AndroidManifest.xml:71:25-66
197
198                <category android:name="android.intent.category.DEFAULT" />
198-->src/main/AndroidManifest.xml:73:17-76
198-->src/main/AndroidManifest.xml:73:27-73
199                <category android:name="android.intent.category.BROWSABLE" />
199-->src/main/AndroidManifest.xml:93:17-78
199-->src/main/AndroidManifest.xml:93:27-75
200
201                <data
201-->src/main/AndroidManifest.xml:75:17-50
202                    android:host="cs.repo"
202-->src/main/AndroidManifest.xml:183:21-43
203                    android:pathPrefix="/"
203-->src/main/AndroidManifest.xml:184:21-43
204                    android:scheme="https" />
204-->src/main/AndroidManifest.xml:75:23-47
205            </intent-filter>
206        </activity>
207        <activity
207-->src/main/AndroidManifest.xml:189:9-202:20
208            android:name="com.lagradost.cloudstream3.ui.account.AccountSelectActivity"
208-->src/main/AndroidManifest.xml:190:13-61
209            android:configChanges="orientation|screenSize|smallestScreenSize|screenLayout|keyboard|keyboardHidden"
209-->src/main/AndroidManifest.xml:191:13-115
210            android:exported="true" >
210-->src/main/AndroidManifest.xml:192:13-36
211            <intent-filter android:exported="true" >
211-->src/main/AndroidManifest.xml:193:13-197:29
211-->src/main/AndroidManifest.xml:193:28-51
212                <action android:name="android.intent.action.MAIN" />
212-->src/main/AndroidManifest.xml:194:17-69
212-->src/main/AndroidManifest.xml:194:25-66
213
214                <category android:name="android.intent.category.LAUNCHER" />
214-->src/main/AndroidManifest.xml:195:17-77
214-->src/main/AndroidManifest.xml:195:27-74
215                <category android:name="android.intent.category.LEANBACK_LAUNCHER" />
215-->src/main/AndroidManifest.xml:196:17-86
215-->src/main/AndroidManifest.xml:196:27-83
216            </intent-filter>
217            <intent-filter>
217-->src/main/AndroidManifest.xml:198:13-201:29
218                <action android:name="android.intent.action.VIEW" />
218-->src/main/AndroidManifest.xml:71:17-69
218-->src/main/AndroidManifest.xml:71:25-66
219
220                <category android:name="android.intent.category.DEFAULT" />
220-->src/main/AndroidManifest.xml:73:17-76
220-->src/main/AndroidManifest.xml:73:27-73
221            </intent-filter>
222        </activity>
223
224        <receiver
224-->src/main/AndroidManifest.xml:204:9-211:20
225            android:name="com.lagradost.cloudstream3.receivers.VideoDownloadRestartReceiver"
225-->src/main/AndroidManifest.xml:205:13-67
226            android:enabled="false"
226-->src/main/AndroidManifest.xml:206:13-36
227            android:exported="false" >
227-->src/main/AndroidManifest.xml:207:13-37
228            <intent-filter android:exported="false" >
228-->src/main/AndroidManifest.xml:208:13-210:29
228-->src/main/AndroidManifest.xml:208:28-52
229                <action android:name="restart_service" />
229-->src/main/AndroidManifest.xml:209:17-58
229-->src/main/AndroidManifest.xml:209:25-55
230            </intent-filter>
231        </receiver>
232
233        <service
233-->src/main/AndroidManifest.xml:213:9-217:40
234            android:name="com.lagradost.cloudstream3.services.VideoDownloadService"
234-->src/main/AndroidManifest.xml:214:13-58
235            android:enabled="true"
235-->src/main/AndroidManifest.xml:215:13-35
236            android:exported="false"
236-->src/main/AndroidManifest.xml:217:13-37
237            android:foregroundServiceType="dataSync" />
237-->src/main/AndroidManifest.xml:216:13-53
238
239        <!-- Necessary for WorkManager services: https://stackoverflow.com/a/77186316 -->
240        <service
240-->src/main/AndroidManifest.xml:220:9-223:34
241            android:name="androidx.work.impl.foreground.SystemForegroundService"
241-->src/main/AndroidManifest.xml:221:13-81
242            android:directBootAware="false"
242-->[androidx.work:work-runtime:2.10.5] AndroidManifest.xml:55:13-44
243            android:enabled="@bool/enable_system_foreground_service_default"
243-->[androidx.work:work-runtime:2.10.5] AndroidManifest.xml:56:13-77
244            android:exported="false"
244-->[androidx.work:work-runtime:2.10.5] AndroidManifest.xml:57:13-37
245            android:foregroundServiceType="dataSync" />
245-->src/main/AndroidManifest.xml:222:13-53
246
247        <activity
247-->src/main/AndroidManifest.xml:225:9-227:40
248            android:name="com.lagradost.cloudstream3.ui.ControllerActivity"
248-->src/main/AndroidManifest.xml:226:13-50
249            android:exported="false" />
249-->src/main/AndroidManifest.xml:227:13-37
250
251        <service
251-->src/main/AndroidManifest.xml:231:9-234:40
252            android:name="com.lagradost.cloudstream3.services.PackageInstallerService"
252-->src/main/AndroidManifest.xml:232:13-61
253            android:exported="false"
253-->src/main/AndroidManifest.xml:234:13-37
254            android:foregroundServiceType="dataSync" />
254-->src/main/AndroidManifest.xml:233:13-53
255
256        <provider
257            android:name="androidx.core.content.FileProvider"
257-->src/main/AndroidManifest.xml:237:13-62
258            android:authorities="com.lagradost.cloudstream3.prerelease.debug.provider"
258-->src/main/AndroidManifest.xml:238:13-60
259            android:enabled="true"
259-->src/main/AndroidManifest.xml:239:13-35
260            android:exported="false"
260-->src/main/AndroidManifest.xml:240:13-37
261            android:grantUriPermissions="true" >
261-->src/main/AndroidManifest.xml:241:13-47
262            <meta-data
262-->src/main/AndroidManifest.xml:242:13-244:58
263                android:name="android.support.FILE_PROVIDER_PATHS"
263-->src/main/AndroidManifest.xml:243:17-67
264                android:resource="@xml/provider_paths" />
264-->src/main/AndroidManifest.xml:244:17-55
265        </provider>
266
267        <receiver
267-->[com.google.android.gms:play-services-cast-framework:21.5.0] AndroidManifest.xml:15:9-125
268            android:name="com.google.android.gms.cast.framework.media.MediaIntentReceiver"
268-->[com.google.android.gms:play-services-cast-framework:21.5.0] AndroidManifest.xml:15:19-97
269            android:exported="false" />
269-->[com.google.android.gms:play-services-cast-framework:21.5.0] AndroidManifest.xml:15:98-122
270
271        <service
271-->[com.google.android.gms:play-services-cast-framework:21.5.0] AndroidManifest.xml:17:9-118
272            android:name="com.google.android.gms.cast.framework.ReconnectionService"
272-->[com.google.android.gms:play-services-cast-framework:21.5.0] AndroidManifest.xml:17:18-90
273            android:exported="false" />
273-->[com.google.android.gms:play-services-cast-framework:21.5.0] AndroidManifest.xml:17:91-115
274
275        <activity
275-->[com.google.android.gms:play-services-base:18.5.0] AndroidManifest.xml:5:9-173
276            android:name="com.google.android.gms.common.api.GoogleApiActivity"
276-->[com.google.android.gms:play-services-base:18.5.0] AndroidManifest.xml:5:19-85
277            android:exported="false"
277-->[com.google.android.gms:play-services-base:18.5.0] AndroidManifest.xml:5:146-170
278            android:theme="@android:style/Theme.Translucent.NoTitleBar" />
278-->[com.google.android.gms:play-services-base:18.5.0] AndroidManifest.xml:5:86-145
279
280        <meta-data
280-->[com.google.android.gms:play-services-basement:18.4.0] AndroidManifest.xml:6:9-122
281            android:name="com.google.android.gms.version"
281-->[com.google.android.gms:play-services-basement:18.4.0] AndroidManifest.xml:6:20-65
282            android:value="@integer/google_play_services_version" />
282-->[com.google.android.gms:play-services-basement:18.4.0] AndroidManifest.xml:6:66-119
283
284        <provider
284-->[androidx.emoji2:emoji2:1.3.0] AndroidManifest.xml:24:9-32:20
285            android:name="androidx.startup.InitializationProvider"
285-->[androidx.emoji2:emoji2:1.3.0] AndroidManifest.xml:25:13-67
286            android:authorities="com.lagradost.cloudstream3.prerelease.debug.androidx-startup"
286-->[androidx.emoji2:emoji2:1.3.0] AndroidManifest.xml:26:13-68
287            android:exported="false" >
287-->[androidx.emoji2:emoji2:1.3.0] AndroidManifest.xml:27:13-37
288            <meta-data
288-->[androidx.emoji2:emoji2:1.3.0] AndroidManifest.xml:29:13-31:52
289                android:name="androidx.emoji2.text.EmojiCompatInitializer"
289-->[androidx.emoji2:emoji2:1.3.0] AndroidManifest.xml:30:17-75
290                android:value="androidx.startup" />
290-->[androidx.emoji2:emoji2:1.3.0] AndroidManifest.xml:31:17-49
291            <meta-data
291-->[androidx.work:work-runtime:2.10.5] AndroidManifest.xml:34:13-36:52
292                android:name="androidx.work.WorkManagerInitializer"
292-->[androidx.work:work-runtime:2.10.5] AndroidManifest.xml:35:17-68
293                android:value="androidx.startup" />
293-->[androidx.work:work-runtime:2.10.5] AndroidManifest.xml:36:17-49
294            <meta-data
294-->[androidx.lifecycle:lifecycle-process:2.9.4] AndroidManifest.xml:29:13-31:52
295                android:name="androidx.lifecycle.ProcessLifecycleInitializer"
295-->[androidx.lifecycle:lifecycle-process:2.9.4] AndroidManifest.xml:30:17-78
296                android:value="androidx.startup" />
296-->[androidx.lifecycle:lifecycle-process:2.9.4] AndroidManifest.xml:31:17-49
297            <meta-data
297-->[androidx.profileinstaller:profileinstaller:1.4.1] AndroidManifest.xml:29:13-31:52
298                android:name="androidx.profileinstaller.ProfileInstallerInitializer"
298-->[androidx.profileinstaller:profileinstaller:1.4.1] AndroidManifest.xml:30:17-85
299                android:value="androidx.startup" />
299-->[androidx.profileinstaller:profileinstaller:1.4.1] AndroidManifest.xml:31:17-49
300        </provider>
301
302        <service
302-->[androidx.work:work-runtime:2.10.5] AndroidManifest.xml:39:9-45:35
303            android:name="androidx.work.impl.background.systemalarm.SystemAlarmService"
303-->[androidx.work:work-runtime:2.10.5] AndroidManifest.xml:40:13-88
304            android:directBootAware="false"
304-->[androidx.work:work-runtime:2.10.5] AndroidManifest.xml:41:13-44
305            android:enabled="@bool/enable_system_alarm_service_default"
305-->[androidx.work:work-runtime:2.10.5] AndroidManifest.xml:42:13-72
306            android:exported="false" />
306-->[androidx.work:work-runtime:2.10.5] AndroidManifest.xml:43:13-37
307        <service
307-->[androidx.work:work-runtime:2.10.5] AndroidManifest.xml:46:9-52:35
308            android:name="androidx.work.impl.background.systemjob.SystemJobService"
308-->[androidx.work:work-runtime:2.10.5] AndroidManifest.xml:47:13-84
309            android:directBootAware="false"
309-->[androidx.work:work-runtime:2.10.5] AndroidManifest.xml:48:13-44
310            android:enabled="@bool/enable_system_job_service_default"
310-->[androidx.work:work-runtime:2.10.5] AndroidManifest.xml:49:13-70
311            android:exported="true"
311-->[androidx.work:work-runtime:2.10.5] AndroidManifest.xml:50:13-36
312            android:permission="android.permission.BIND_JOB_SERVICE" />
312-->[androidx.work:work-runtime:2.10.5] AndroidManifest.xml:51:13-69
313
314        <receiver
314-->[androidx.work:work-runtime:2.10.5] AndroidManifest.xml:61:9-66:35
315            android:name="androidx.work.impl.utils.ForceStopRunnable$BroadcastReceiver"